<?xml version="1.0" encoding="UTF-8"?>
<testsuite name="Pokemon" tests="1" skipped="0" failures="0" errors="0" timestamp="2020-04-30T08:21:35" hostname="dnid0652l01.local" time="5.221">
  <properties/>
  <testcase name="getPokemon" classname="Pokemon" time="5.221"/>
  <system-out><![CDATA[Request method:	GET
Request URI:	https://pokeapi.co/api/v2/pokemon/Mewtwo
Proxy:			<none>
Request params:	<none>
Query params:	<none>
Form params:	<none>
Path params:	name=Mewtwo
Headers:		Accept=*/*
				Content-Type=application/json; charset=UTF-8
Cookies:		<none>
Multiparts:		<none>
Body:			<none>
Not Found
]]></system-out>
  <system-err><![CDATA[SLF4J: Failed to load class "org.slf4j.impl.StaticLoggerBinder".
SLF4J: Defaulting to no-operation (NOP) logger implementation
SLF4J: See http://www.slf4j.org/codes.html#StaticLoggerBinder for further details.
]]></system-err>
</testsuite>
